  main.cpp
C:\opencv\OpenCV_TeamProject_Winform\SignUp.h(235,12): warning C4267: '초기화 중': 'size_t'에서 'int'(으)로 변환하면서 데이터가 손실될 수 있습니다.
  (소스 파일 'main.cpp'을(를) 컴파일하는 중)
  
C:\opencv\build\include\opencv2\core.hpp(1743,1): warning C4819: 현재 코드 페이지(949)에서 표시할 수 없는 문자가 파일에 들어 있습니다. 데이터가 손실되지 않게 하려면 해당 파일을 유니코드 형식으로 저장하십시오.
  (소스 파일 'main.cpp'을(를) 컴파일하는 중)
  
C:\opencv\build\include\opencv2\core.hpp(1743,1): warning C4819: 현재 코드 페이지(949)에서 표시할 수 없는 문자가 파일에 들어 있습니다. 데이터가 손실되지 않게 하려면 해당 파일을 유니코드 형식으로 저장하십시오.
  (소스 파일 'main.cpp'을(를) 컴파일하는 중)
  
C:\opencv\build\include\opencv2\core.hpp(1743,1): warning C4819: 현재 코드 페이지(949)에서 표시할 수 없는 문자가 파일에 들어 있습니다. 데이터가 손실되지 않게 하려면 해당 파일을 유니코드 형식으로 저장하십시오.
  (소스 파일 'main.cpp'을(를) 컴파일하는 중)
  
C:\opencv\OpenCV_TeamProject_Winform\UserMenu.h(490,45): warning C4267: '인수': 'size_t'에서 'int'(으)로 변환하면서 데이터가 손실될 수 있습니다.
  (소스 파일 'main.cpp'을(를) 컴파일하는 중)
  
C:\opencv\OpenCV_TeamProject_Winform\login.h(244,12): warning C4267: '초기화 중': 'size_t'에서 'int'(으)로 변환하면서 데이터가 손실될 수 있습니다.
  (소스 파일 'main.cpp'을(를) 컴파일하는 중)
  
C:\opencv\OpenCV_TeamProject_Winform\main.cpp(7,41): warning C4829: main 함수에 대한 매개 변수가 잘못된 것 같습니다. 'int main(Platform::Array<Platform::String^>^ argv)'를 사용하십시오.
C:\opencv\build\include\opencv2\core\cuda.inl.hpp(113,1): warning C4793: 'cv::cuda::GpuMat::GpuMat': 함수가 네이티브로 컴파일되었습니다.
C:\opencv\build\include\opencv2\core\cuda.inl.hpp(113,1): warning C4793: 	관리 코드에서 지원되지 않는 내장 함수가 있습니다.
C:\opencv\build\include\opencv2\core\cuda.inl.hpp(511,1): warning C4793: 'cv::cuda::HostMem::HostMem': 함수가 네이티브로 컴파일되었습니다.
C:\opencv\build\include\opencv2\core\cuda.inl.hpp(511,1): warning C4793: 	관리 코드에서 지원되지 않는 내장 함수가 있습니다.
C:\opencv\build\include\opencv2\core\fast_math.hpp(327,1): warning C4793: '`anonymous namespace'::cvRound': 함수가 네이티브로 컴파일되었습니다.
C:\opencv\build\include\opencv2\core\fast_math.hpp(327,1): warning C4793: 	관리 코드에서 지원되지 않는 내장 함수가 있습니다.
C:\opencv\build\include\opencv2\core\fast_math.hpp(328,1): warning C4793: '`anonymous namespace'::cvRound': 함수가 네이티브로 컴파일되었습니다.
C:\opencv\build\include\opencv2\core\fast_math.hpp(328,1): warning C4793: 	관리 코드에서 지원되지 않는 내장 함수가 있습니다.
  Connect.obj : MSIL 모듈이 발견되었습니다. MSIL에 증분 링크를 사용할 수 없습니다. 전체 링크를 수행하고 있습니다.
  OpenCV_TeamProject_Winform.vcxproj -> C:\opencv\OpenCV_TeamProject_Winform\x64\Debug\OpenCV_TeamProject_Winform.exe
